<?xml version="1.0" encoding="UTF-8"?>
<!-- Generated by org.testng.reporters.JUnitXMLReporter -->
<testsuite hostname="LAPTOP-02EF66VJ" ignored="0" name="Default test" tests="6" failures="0" timestamp="2023-03-16T06:04:49 IST" time="54.394" errors="0">
  <testcase name="Login" time="3.659" classname="testScripts.ProductStore"/>
  <testcase name="addItem" time="5.874" classname="testScripts.ProductStore"/>
  <testcase name="addItem" time="5.433" classname="testScripts.ProductStore"/>
  <testcase name="addItem" time="3.649" classname="testScripts.ProductStore"/>
  <testcase name="deleteItemcart" time="5.212" classname="testScripts.ProductStore"/>
  <testcase name="placeOrder" time="4.383" classname="testScripts.ProductStore"/>
</testsuite> <!-- Default test -->
