<?xml version="1.0" encoding="UTF-8"?>
<!-- Generated by org.testng.reporters.JUnitXMLReporter -->
<testsuite hostname="LAPTOP-02EF66VJ" ignored="0" name="POMTest" tests="6" failures="0" timestamp="2023-03-16T19:27:08 IST" time="34.36" errors="0">
  <testcase name="login" time="3.249" classname="testScripts.ProductStore"/>
  <testcase name="addItem" time="5.686" classname="testScripts.ProductStore"/>
  <testcase name="addItem" time="4.039" classname="testScripts.ProductStore"/>
  <testcase name="addItem" time="4.772" classname="testScripts.ProductStore"/>
  <testcase name="deleteItemcart" time="5.245" classname="testScripts.ProductStore"/>
  <testcase name="placeOrder" time="4.182" classname="testScripts.ProductStore"/>
</testsuite> <!-- POMTest -->
