<?xml version="1.0" encoding="UTF-8"?>
<!-- Generated by org.testng.reporters.JUnitXMLReporter -->
<testsuite hostname="LAPTOP-02EF66VJ" ignored="0" name="POMTest" tests="6" failures="0" timestamp="2023-03-16T18:58:27 IST" time="33.243" errors="0">
  <testcase name="login" time="3.429" classname="testScripts.ProductStore"/>
  <testcase name="addItem" time="5.429" classname="testScripts.ProductStore"/>
  <testcase name="addItem" time="4.676" classname="testScripts.ProductStore"/>
  <testcase name="addItem" time="3.983" classname="testScripts.ProductStore"/>
  <testcase name="deleteItemcart" time="5.198" classname="testScripts.ProductStore"/>
  <testcase name="placeOrder" time="4.37" classname="testScripts.ProductStore"/>
</testsuite> <!-- POMTest -->
