<?xml version="1.0" encoding="UTF-8"?>
<testng-results skipped="0" failed="0" ignored="0" total="6" passed="6">
  <reporter-output>
  </reporter-output>
  <suite name="POMSuite" duration-ms="33243" started-at="2023-03-16T18:57:54 IST" finished-at="2023-03-16T18:58:27 IST">
    <groups>
    </groups>
    <test name="POMTest" duration-ms="33243" started-at="2023-03-16T18:57:54 IST" finished-at="2023-03-16T18:58:27 IST">
      <class name="testScripts.ProductStore">
        <test-method status="PASS" signature="setup()[pri:0, instance:testScripts.ProductStore@5427c60c]" name="setup" is-config="true" duration-ms="5053" started-at="2023-03-16T18:57:54 IST" finished-at="2023-03-16T18:57:59 IST">
          <reporter-output>
          </reporter-output>
        </test-method> <!-- setup -->
        <test-method status="PASS" signature="login()[pri:1, instance:testScripts.ProductStore@5427c60c]" name="login" duration-ms="3429" started-at="2023-03-16T18:57:59 IST" finished-at="2023-03-16T18:58:02 IST">
          <reporter-output>
          </reporter-output>
        </test-method> <!-- login -->
        <test-method status="PASS" signature="finishExtent(org.testng.ITestResult)[pri:0, instance:testScripts.ProductStore@5427c60c]" name="finishExtent" is-config="true" duration-ms="4" started-at="2023-03-16T18:58:02 IST" finished-at="2023-03-16T18:58:02 IST">
          <params>
            <param index="0">
              <value>
                <![CDATA[[TestResult name=login status=SUCCESS method=ProductStore.login()[pri:1, instance:testScripts.ProductStore@5427c60c] output={null}]]]>
              </value>
            </param>
          </params>
          <reporter-output>
          </reporter-output>
        </test-method> <!-- finishExtent -->
        <test-method status="PASS" signature="addItem(java.lang.String,java.lang.String)[pri:2, instance:testScripts.ProductStore@5427c60c]" name="addItem" duration-ms="5429" started-at="2023-03-16T18:58:03 IST" data-provider="search" finished-at="2023-03-16T18:58:08 IST">
          <params>
            <param index="0">
              <value>
                <![CDATA[Laptops]]>
              </value>
            </param>
            <param index="1">
              <value>
                <![CDATA[MacBook air]]>
              </value>
            </param>
          </params>
          <reporter-output>
          </reporter-output>
        </test-method> <!-- addItem -->
        <test-method status="PASS" signature="finishExtent(org.testng.ITestResult)[pri:0, instance:testScripts.ProductStore@5427c60c]" name="finishExtent" is-config="true" duration-ms="1" started-at="2023-03-16T18:58:08 IST" finished-at="2023-03-16T18:58:08 IST">
          <params>
            <param index="0">
              <value>
                <![CDATA[[TestResult name=addItem status=SUCCESS method=ProductStore.addItem(java.lang.String,java.lang.String)[pri:2, instance:testScripts.ProductStore@5427c60c] output={null}]]]>
              </value>
            </param>
          </params>
          <reporter-output>
          </reporter-output>
        </test-method> <!-- finishExtent -->
        <test-method status="PASS" signature="addItem(java.lang.String,java.lang.String)[pri:2, instance:testScripts.ProductStore@5427c60c]" name="addItem" duration-ms="4676" started-at="2023-03-16T18:58:08 IST" data-provider="search" finished-at="2023-03-16T18:58:13 IST">
          <params>
            <param index="0">
              <value>
                <![CDATA[Monitors]]>
              </value>
            </param>
            <param index="1">
              <value>
                <![CDATA[ASUS Full HD]]>
              </value>
            </param>
          </params>
          <reporter-output>
          </reporter-output>
        </test-method> <!-- addItem -->
        <test-method status="PASS" signature="finishExtent(org.testng.ITestResult)[pri:0, instance:testScripts.ProductStore@5427c60c]" name="finishExtent" is-config="true" duration-ms="0" started-at="2023-03-16T18:58:13 IST" finished-at="2023-03-16T18:58:13 IST">
          <params>
            <param index="0">
              <value>
                <![CDATA[[TestResult name=addItem status=SUCCESS method=ProductStore.addItem(java.lang.String,java.lang.String)[pri:2, instance:testScripts.ProductStore@5427c60c] output={null}]]]>
              </value>
            </param>
          </params>
          <reporter-output>
          </reporter-output>
        </test-method> <!-- finishExtent -->
        <test-method status="PASS" signature="addItem(java.lang.String,java.lang.String)[pri:2, instance:testScripts.ProductStore@5427c60c]" name="addItem" duration-ms="3983" started-at="2023-03-16T18:58:13 IST" data-provider="search" finished-at="2023-03-16T18:58:17 IST">
          <params>
            <param index="0">
              <value>
                <![CDATA[Phones]]>
              </value>
            </param>
            <param index="1">
              <value>
                <![CDATA[Nokia lumia 1520]]>
              </value>
            </param>
          </params>
          <reporter-output>
          </reporter-output>
        </test-method> <!-- addItem -->
        <test-method status="PASS" signature="finishExtent(org.testng.ITestResult)[pri:0, instance:testScripts.ProductStore@5427c60c]" name="finishExtent" is-config="true" duration-ms="0" started-at="2023-03-16T18:58:17 IST" finished-at="2023-03-16T18:58:17 IST">
          <params>
            <param index="0">
              <value>
                <![CDATA[[TestResult name=addItem status=SUCCESS method=ProductStore.addItem(java.lang.String,java.lang.String)[pri:2, instance:testScripts.ProductStore@5427c60c] output={null}]]]>
              </value>
            </param>
          </params>
          <reporter-output>
          </reporter-output>
        </test-method> <!-- finishExtent -->
        <test-method status="PASS" signature="deleteItemcart()[pri:3, instance:testScripts.ProductStore@5427c60c]" name="deleteItemcart" duration-ms="5198" started-at="2023-03-16T18:58:17 IST" finished-at="2023-03-16T18:58:22 IST">
          <reporter-output>
          </reporter-output>
        </test-method> <!-- deleteItemcart -->
        <test-method status="PASS" signature="finishExtent(org.testng.ITestResult)[pri:0, instance:testScripts.ProductStore@5427c60c]" name="finishExtent" is-config="true" duration-ms="0" started-at="2023-03-16T18:58:22 IST" finished-at="2023-03-16T18:58:22 IST">
          <params>
            <param index="0">
              <value>
                <![CDATA[[TestResult name=deleteItemcart status=SUCCESS method=ProductStore.deleteItemcart()[pri:3, instance:testScripts.ProductStore@5427c60c] output={null}]]]>
              </value>
            </param>
          </params>
          <reporter-output>
          </reporter-output>
        </test-method> <!-- finishExtent -->
        <test-method status="PASS" signature="placeOrder()[pri:4, instance:testScripts.ProductStore@5427c60c]" name="placeOrder" duration-ms="4370" started-at="2023-03-16T18:58:22 IST" finished-at="2023-03-16T18:58:26 IST">
          <reporter-output>
          </reporter-output>
        </test-method> <!-- placeOrder -->
        <test-method status="PASS" signature="finishExtent(org.testng.ITestResult)[pri:0, instance:testScripts.ProductStore@5427c60c]" name="finishExtent" is-config="true" duration-ms="0" started-at="2023-03-16T18:58:26 IST" finished-at="2023-03-16T18:58:26 IST">
          <params>
            <param index="0">
              <value>
                <![CDATA[[TestResult name=placeOrder status=SUCCESS method=ProductStore.placeOrder()[pri:4, instance:testScripts.ProductStore@5427c60c] output={null}]]]>
              </value>
            </param>
          </params>
          <reporter-output>
          </reporter-output>
        </test-method> <!-- finishExtent -->
        <test-method status="PASS" signature="finish()[pri:0, instance:testScripts.ProductStore@5427c60c]" name="finish" is-config="true" duration-ms="894" started-at="2023-03-16T18:58:26 IST" finished-at="2023-03-16T18:58:27 IST">
          <reporter-output>
          </reporter-output>
        </test-method> <!-- finish -->
      </class> <!-- testScripts.ProductStore -->
    </test> <!-- POMTest -->
  </suite> <!-- POMSuite -->
</testng-results>
